# JRE version: OpenJDK Runtime Environment Temurin-21.0.5+11 (21.0.5+11) (build 21.0.5+11-LTS)
# Java VM: OpenJDK 64-Bit Server VM Temurin-21.0.5+11 (21.0.5+11-LTS, mixed mode, tiered, compressed oops, compressed class ptrs, g1 gc, linux-amd64)
GC Precious Log:
 CardTable entry size: 512
 Card Set container configuration: InlinePtr #cards 5 size 8 Array Of Cards #cards 12 size 40 Howl #buckets 4 coarsen threshold 1843 Howl Bitmap #cards 512 size 80 coarsen threshold 460 Card regions per heap region 1 cards per card region 2048
 CPUs: 8 total, 8 available
 Memory: 15405M
 Large Page Support: Disabled
 NUMA Support: Disabled
 Compressed Oops: Enabled (32-bit)
 Heap Region Size: 1M
 Heap Min Capacity: 64M
 Heap Initial Capacity: 64M
 Heap Max Capacity: 1G
 Pre-touch: Disabled
 Parallel Workers: 8
 Concurrent Workers: 2
 Concurrent Refinement Workers: 8
 Periodic GC: Disabled
Heap:
 garbage-first heap   total 80896K, used 63827K [0x00000000c0000000, 0x0000000100000000)
  region size 1024K, 19 young (19456K), 3 survivors (3072K)
 Metaspace       used 77060K, committed 79104K, reserved 1179648K
  class space    used 8846K, committed 9728K, reserved 1048576K
GC Heap History (20 events):
Event: 11,275 GC heap before
{Heap before GC invocations=9 (full 0):
 garbage-first heap   total 65536K, used 50422K [0x00000000c0000000, 0x0000000100000000)
  region size 1024K, 29 young (29696K), 4 survivors (4096K)
 Metaspace       used 45976K, committed 47360K, reserved 1114112K
  class space    used 5096K, committed 5632K, reserved 1048576K
}
Event: 11,280 GC heap after
{Heap after GC invocations=10 (full 0):
 garbage-first heap   total 65536K, used 30716K [0x00000000c0000000, 0x0000000100000000)
  region size 1024K, 4 young (4096K), 4 survivors (4096K)
 Metaspace       used 45976K, committed 47360K, reserved 1114112K
  class space    used 5096K, committed 5632K, reserved 1048576K
}
Event: 11,983 GC heap before
{Heap before GC invocations=10 (full 0):
 garbage-first heap   total 65536K, used 53244K [0x00000000c0000000, 0x0000000100000000)
  region size 1024K, 26 young (26624K), 4 survivors (4096K)
 Metaspace       used 50306K, committed 51904K, reserved 1114112K
  class space    used 5590K, committed 6272K, reserved 1048576K
}
Event: 11,989 GC heap after
{Heap after GC invocations=11 (full 0):
 garbage-first heap   total 65536K, used 34819K [0x00000000c0000000, 0x0000000100000000)
  region size 1024K, 4 young (4096K), 4 survivors (4096K)
 Metaspace       used 50306K, committed 51904K, reserved 1114112K
  class space    used 5590K, committed 6272K, reserved 1048576K
}
Event: 12,529 GC heap before
{Heap before GC invocations=11 (full 0):
 garbage-first heap   total 65536K, used 54275K [0x00000000c0000000, 0x0000000100000000)
  region size 1024K, 23 young (23552K), 4 survivors (4096K)
 Metaspace       used 53166K, committed 54848K, reserved 1114112K
  class space    used 5939K, committed 6656K, reserved 1048576K
}
Event: 12,533 GC heap after
{Heap after GC invocations=12 (full 0):
 garbage-first heap   total 65536K, used 38349K [0x00000000c0000000, 0x0000000100000000)
  region size 1024K, 3 young (3072K), 3 survivors (3072K)
 Metaspace       used 53166K, committed 54848K, reserved 1114112K
  class space    used 5939K, committed 6656K, reserved 1048576K
}
Event: 13,466 GC heap before
{Heap before GC invocations=13 (full 0):
 garbage-first heap   total 65536K, used 55757K [0x00000000c0000000, 0x0000000100000000)
  region size 1024K, 20 young (20480K), 3 survivors (3072K)
 Metaspace       used 56592K, committed 58240K, reserved 1114112K
  class space    used 6489K, committed 7168K, reserved 1048576K
}
Event: 13,470 GC heap after
{Heap after GC invocations=14 (full 0):
 garbage-first heap   total 65536K, used 40868K [0x00000000c0000000, 0x0000000100000000)
  region size 1024K, 3 young (3072K), 3 survivors (3072K)
 Metaspace       used 56592K, committed 58240K, reserved 1114112K
  class space    used 6489K, committed 7168K, reserved 1048576K
}
Event: 14,179 GC heap before
{Heap before GC invocations=14 (full 0):
 garbage-first heap   total 65536K, used 55204K [0x00000000c0000000, 0x0000000100000000)
  region size 1024K, 18 young (18432K), 3 survivors (3072K)
 Metaspace       used 60303K, committed 61952K, reserved 1114112K
  class space    used 6918K, committed 7616K, reserved 1048576K
}
Event: 14,182 GC heap after
{Heap after GC invocations=15 (full 0):
 garbage-first heap   total 65536K, used 41882K [0x00000000c0000000, 0x0000000100000000)
  region size 1024K, 3 young (3072K), 3 survivors (3072K)
 Metaspace       used 60303K, committed 61952K, reserved 1114112K
  class space    used 6918K, committed 7616K, reserved 1048576K
}
Event: 14,691 GC heap before
{Heap before GC invocations=15 (full 0):
 garbage-first heap   total 65536K, used 56218K [0x00000000c0000000, 0x0000000100000000)
  region size 1024K, 18 young (18432K), 3 survivors (3072K)
 Metaspace       used 63276K, committed 65024K, reserved 1114112K
  class space    used 7222K, committed 7936K, reserved 1048576K
}
Event: 14,694 GC heap after
{Heap after GC invocations=16 (full 0):
 garbage-first heap   total 65536K, used 43383K [0x00000000c0000000, 0x0000000100000000)
  region size 1024K, 3 young (3072K), 3 survivors (3072K)
 Metaspace       used 63276K, committed 65024K, reserved 1114112K
  class space    used 7222K, committed 7936K, reserved 1048576K
}
Event: 14,904 GC heap before
{Heap before GC invocations=17 (full 0):
 garbage-first heap   total 75776K, used 54647K [0x00000000c0000000, 0x0000000100000000)
  region size 1024K, 15 young (15360K), 3 survivors (3072K)
 Metaspace       used 66646K, committed 68416K, reserved 1114112K
  class space    used 7604K, committed 8320K, reserved 1048576K
}
Event: 14,907 GC heap after
{Heap after GC invocations=18 (full 0):
 garbage-first heap   total 75776K, used 44477K [0x00000000c0000000, 0x0000000100000000)
  region size 1024K, 2 young (2048K), 2 survivors (2048K)
 Metaspace       used 66646K, committed 68416K, reserved 1114112K
  class space    used 7604K, committed 8320K, reserved 1048576K
}
Event: 16,525 GC heap before
{Heap before GC invocations=18 (full 0):
 garbage-first heap   total 75776K, used 64957K [0x00000000c0000000, 0x0000000100000000)
  region size 1024K, 22 young (22528K), 2 survivors (2048K)
 Metaspace       used 69488K, committed 71360K, reserved 1114112K
  class space    used 8004K, committed 8768K, reserved 1048576K
}
Event: 16,530 GC heap after
{Heap after GC invocations=19 (full 0):
 garbage-first heap   total 75776K, used 44830K [0x00000000c0000000, 0x0000000100000000)
  region size 1024K, 2 young (2048K), 2 survivors (2048K)
 Metaspace       used 69488K, committed 71360K, reserved 1114112K
  class space    used 8004K, committed 8768K, reserved 1048576K
}
Event: 17,363 GC heap before
{Heap before GC invocations=19 (full 0):
 garbage-first heap   total 75776K, used 53022K [0x00000000c0000000, 0x0000000100000000)
  region size 1024K, 11 young (11264K), 2 survivors (2048K)
 Metaspace       used 71425K, committed 73280K, reserved 1114112K
  class space    used 8299K, committed 9024K, reserved 1048576K
}
Event: 17,366 GC heap after
{Heap after GC invocations=20 (full 0):
 garbage-first heap   total 75776K, used 45684K [0x00000000c0000000, 0x0000000100000000)
  region size 1024K, 2 young (2048K), 2 survivors (2048K)
 Metaspace       used 71425K, committed 73280K, reserved 1114112K
  class space    used 8299K, committed 9024K, reserved 1048576K
}
Event: 19,014 GC heap before
{Heap before GC invocations=21 (full 0):
 garbage-first heap   total 80896K, used 65140K [0x00000000c0000000, 0x0000000100000000)
  region size 1024K, 21 young (21504K), 2 survivors (2048K)
 Metaspace       used 75015K, committed 76992K, reserved 1179648K
  class space    used 8569K, committed 9408K, reserved 1048576K
}
Event: 19,017 GC heap after
{Heap after GC invocations=22 (full 0):
 garbage-first heap   total 80896K, used 48467K [0x00000000c0000000, 0x0000000100000000)
  region size 1024K, 3 young (3072K), 3 survivors (3072K)
 Metaspace       used 75015K, committed 76992K, reserved 1179648K
  class space    used 8569K, committed 9408K, reserved 1048576K
}

